2022-05-24 14:07:38 [127.0.0.1][-][-][error][yii\web\HttpException:404] yii\base\InvalidRouteException: Unable to resolve the request "site/about". in C:\OpenServer\domains\yii-learning\vendor\yiisoft\yii2\base\Module.php:561
Stack trace:
#0 C:\OpenServer\domains\yii-learning\vendor\yiisoft\yii2\web\Application.php(103): yii\base\Module->runAction()
#1 C:\OpenServer\domains\yii-learning\vendor\yiisoft\yii2\base\Application.php(384): yii\web\Application->handleRequest()
#2 C:\OpenServer\domains\yii-learning\web\index.php(12): yii\base\Application->run()
#3 {main}

Next yii\web\NotFoundHttpException: Страница не найдена. in C:\OpenServer\domains\yii-learning\vendor\yiisoft\yii2\web\Application.php:115
Stack trace:
#0 C:\OpenServer\domains\yii-learning\vendor\yiisoft\yii2\base\Application.php(384): yii\web\Application->handleRequest()
#1 C:\OpenServer\domains\yii-learning\web\index.php(12): yii\base\Application->run()
#2 {main}
2022-05-24 14:07:38 [127.0.0.1][-][-][info][application] $_GET = []

$_POST = []

$_FILES = []

$_COOKIE = [
    'PHPSESSID' => '65v1bi2lbroh01jb89o7hmim9ks1hntu'
    '_csrf' => '02e0a5146db321f727185d0e03babefdfe933a46e6197e0717be0d138a8e0cc9a:2:{i:0;s:5:\"_csrf\";i:1;s:32:\"bk8epV2ne6tvx5uLa_6VsQLnpt6Tq2X2\";}'
]

$_SESSION = [
    '__flash' => []
]

$_SERVER = [
    'REDIRECT_STATUS' => '200'
    'HTTP_HOST' => 'yii-learning'
    'HTTP_CONNECTION' => 'keep-alive'
    'HTTP_CACHE_CONTROL' => 'max-age=0'
    'HTTP_UPGRADE_INSECURE_REQUESTS' => '1'
    'HTTP_USER_AGENT' => 'Mozilla/5.0 (Windows NT 10.0; Win64; x64) AppleWebKit/537.36 (KHTML, like Gecko) Chrome/100.0.4896.143 YaBrowser/22.5.0.1792 Yowser/2.5 Safari/537.36'
    'HTTP_ACCEPT' => 'text/html,application/xhtml+xml,application/xml;q=0.9,image/avif,image/webp,image/apng,*/*;q=0.8,application/signed-exchange;v=b3;q=0.9'
    'HTTP_ACCEPT_ENCODING' => 'gzip, deflate'
    'HTTP_ACCEPT_LANGUAGE' => 'ru,en;q=0.9'
    'HTTP_COOKIE' => 'PHPSESSID=65v1bi2lbroh01jb89o7hmim9ks1hntu; _csrf=02e0a5146db321f727185d0e03babefdfe933a46e6197e0717be0d138a8e0cc9a%3A2%3A%7Bi%3A0%3Bs%3A5%3A%22_csrf%22%3Bi%3A1%3Bs%3A32%3A%22bk8epV2ne6tvx5uLa_6VsQLnpt6Tq2X2%22%3B%7D'
    'PATH' => 'c:\\openserver\\modules\\php\\PHP_7.4\\ext;c:\\openserver\\modules\\php\\PHP_7.4\\pear;c:\\openserver\\modules\\php\\PHP_7.4\\pear\\bin;c:\\openserver\\modules\\php\\PHP_7.4;c:\\openserver\\modules\\wget\\bin;c:\\openserver\\modules\\database\\MySQL-5.7\\bin;c:\\openserver\\modules\\http\\Apache_2.4-PHP_7.2-7.4\\bin;c:\\openserver\\modules\\http\\Apache_2.4-PHP_7.2-7.4;C:\\Windows\\system32;C:\\Windows;C:\\Windows\\system32\\Wbem;C:\\Windows\\SysWOW64'
    'SystemRoot' => 'C:\\Windows'
    'COMSPEC' => 'C:\\Windows\\system32\\cmd.exe'
    'PATHEXT' => '.COM;.EXE;.BAT;.CMD;.VBS;.VBE;.JS;.JSE;.WSF;.WSH;.MSC'
    'WINDIR' => 'C:\\Windows'
    'SERVER_SIGNATURE' => ''
    'SERVER_SOFTWARE' => 'Apache'
    'SERVER_NAME' => 'yii-learning'
    'SERVER_ADDR' => '127.0.0.1'
    'SERVER_PORT' => '80'
    'REMOTE_ADDR' => '127.0.0.1'
    'DOCUMENT_ROOT' => 'C:/OpenServer/domains/yii-learning'
    'REQUEST_SCHEME' => 'http'
    'CONTEXT_PREFIX' => ''
    'CONTEXT_DOCUMENT_ROOT' => 'C:/OpenServer/domains/yii-learning'
    'SERVER_ADMIN' => '[no address given]'
    'SCRIPT_FILENAME' => 'C:/OpenServer/domains/yii-learning/web/index.php'
    'REMOTE_PORT' => '64610'
    'REDIRECT_URL' => '/web/about'
    'GATEWAY_INTERFACE' => 'CGI/1.1'
    'SERVER_PROTOCOL' => 'HTTP/1.1'
    'REQUEST_METHOD' => 'GET'
    'QUERY_STRING' => ''
    'REQUEST_URI' => '/web/about'
    'SCRIPT_NAME' => '/web/index.php'
    'PHP_SELF' => '/web/index.php'
    'REQUEST_TIME_FLOAT' => 1653390458.6018
    'REQUEST_TIME' => 1653390458
]
2022-05-24 14:07:40 [127.0.0.1][-][-][error][yii\web\HttpException:404] yii\base\InvalidRouteException: Unable to resolve the request "". in C:\OpenServer\domains\yii-learning\vendor\yiisoft\yii2\base\Module.php:561
Stack trace:
#0 C:\OpenServer\domains\yii-learning\vendor\yiisoft\yii2\web\Application.php(103): yii\base\Module->runAction()
#1 C:\OpenServer\domains\yii-learning\vendor\yiisoft\yii2\base\Application.php(384): yii\web\Application->handleRequest()
#2 C:\OpenServer\domains\yii-learning\web\index.php(12): yii\base\Application->run()
#3 {main}

Next yii\web\NotFoundHttpException: Страница не найдена. in C:\OpenServer\domains\yii-learning\vendor\yiisoft\yii2\web\Application.php:115
Stack trace:
#0 C:\OpenServer\domains\yii-learning\vendor\yiisoft\yii2\base\Application.php(384): yii\web\Application->handleRequest()
#1 C:\OpenServer\domains\yii-learning\web\index.php(12): yii\base\Application->run()
#2 {main}
2022-05-24 14:07:40 [127.0.0.1][-][-][info][application] $_GET = []

$_POST = []

$_FILES = []

$_COOKIE = [
    'PHPSESSID' => '65v1bi2lbroh01jb89o7hmim9ks1hntu'
    '_csrf' => '02e0a5146db321f727185d0e03babefdfe933a46e6197e0717be0d138a8e0cc9a:2:{i:0;s:5:\"_csrf\";i:1;s:32:\"bk8epV2ne6tvx5uLa_6VsQLnpt6Tq2X2\";}'
]

$_SESSION = [
    '__flash' => []
]

$_SERVER = [
    'REDIRECT_REDIRECT_STATUS' => '200'
    'REDIRECT_STATUS' => '200'
    'HTTP_HOST' => 'yii-learning'
    'HTTP_CONNECTION' => 'keep-alive'
    'HTTP_UPGRADE_INSECURE_REQUESTS' => '1'
    'HTTP_USER_AGENT' => 'Mozilla/5.0 (Windows NT 10.0; Win64; x64) AppleWebKit/537.36 (KHTML, like Gecko) Chrome/100.0.4896.143 YaBrowser/22.5.0.1792 Yowser/2.5 Safari/537.36'
    'HTTP_ACCEPT' => 'text/html,application/xhtml+xml,application/xml;q=0.9,image/avif,image/webp,image/apng,*/*;q=0.8,application/signed-exchange;v=b3;q=0.9'
    'HTTP_ACCEPT_ENCODING' => 'gzip, deflate'
    'HTTP_ACCEPT_LANGUAGE' => 'ru,en;q=0.9'
    'HTTP_COOKIE' => 'PHPSESSID=65v1bi2lbroh01jb89o7hmim9ks1hntu; _csrf=02e0a5146db321f727185d0e03babefdfe933a46e6197e0717be0d138a8e0cc9a%3A2%3A%7Bi%3A0%3Bs%3A5%3A%22_csrf%22%3Bi%3A1%3Bs%3A32%3A%22bk8epV2ne6tvx5uLa_6VsQLnpt6Tq2X2%22%3B%7D'
    'PATH' => 'c:\\openserver\\modules\\php\\PHP_7.4\\ext;c:\\openserver\\modules\\php\\PHP_7.4\\pear;c:\\openserver\\modules\\php\\PHP_7.4\\pear\\bin;c:\\openserver\\modules\\php\\PHP_7.4;c:\\openserver\\modules\\wget\\bin;c:\\openserver\\modules\\database\\MySQL-5.7\\bin;c:\\openserver\\modules\\http\\Apache_2.4-PHP_7.2-7.4\\bin;c:\\openserver\\modules\\http\\Apache_2.4-PHP_7.2-7.4;C:\\Windows\\system32;C:\\Windows;C:\\Windows\\system32\\Wbem;C:\\Windows\\SysWOW64'
    'SystemRoot' => 'C:\\Windows'
    'COMSPEC' => 'C:\\Windows\\system32\\cmd.exe'
    'PATHEXT' => '.COM;.EXE;.BAT;.CMD;.VBS;.VBE;.JS;.JSE;.WSF;.WSH;.MSC'
    'WINDIR' => 'C:\\Windows'
    'SERVER_SIGNATURE' => ''
    'SERVER_SOFTWARE' => 'Apache'
    'SERVER_NAME' => 'yii-learning'
    'SERVER_ADDR' => '127.0.0.1'
    'SERVER_PORT' => '80'
    'REMOTE_ADDR' => '127.0.0.1'
    'DOCUMENT_ROOT' => 'C:/OpenServer/domains/yii-learning'
    'REQUEST_SCHEME' => 'http'
    'CONTEXT_PREFIX' => ''
    'CONTEXT_DOCUMENT_ROOT' => 'C:/OpenServer/domains/yii-learning'
    'SERVER_ADMIN' => '[no address given]'
    'SCRIPT_FILENAME' => 'C:/OpenServer/domains/yii-learning/web/index.php'
    'REMOTE_PORT' => '64609'
    'REDIRECT_URL' => '/web/about'
    'GATEWAY_INTERFACE' => 'CGI/1.1'
    'SERVER_PROTOCOL' => 'HTTP/1.1'
    'REQUEST_METHOD' => 'GET'
    'QUERY_STRING' => ''
    'REQUEST_URI' => '/about'
    'SCRIPT_NAME' => '/web/index.php'
    'PHP_SELF' => '/web/index.php'
    'REQUEST_TIME_FLOAT' => 1653390460.1391
    'REQUEST_TIME' => 1653390460
]
2022-05-24 14:07:42 [127.0.0.1][-][-][error][yii\web\HttpException:404] yii\base\InvalidRouteException: Unable to resolve the request "". in C:\OpenServer\domains\yii-learning\vendor\yiisoft\yii2\base\Module.php:561
Stack trace:
#0 C:\OpenServer\domains\yii-learning\vendor\yiisoft\yii2\web\Application.php(103): yii\base\Module->runAction()
#1 C:\OpenServer\domains\yii-learning\vendor\yiisoft\yii2\base\Application.php(384): yii\web\Application->handleRequest()
#2 C:\OpenServer\domains\yii-learning\web\index.php(12): yii\base\Application->run()
#3 {main}

Next yii\web\NotFoundHttpException: Страница не найдена. in C:\OpenServer\domains\yii-learning\vendor\yiisoft\yii2\web\Application.php:115
Stack trace:
#0 C:\OpenServer\domains\yii-learning\vendor\yiisoft\yii2\base\Application.php(384): yii\web\Application->handleRequest()
#1 C:\OpenServer\domains\yii-learning\web\index.php(12): yii\base\Application->run()
#2 {main}
2022-05-24 14:07:42 [127.0.0.1][-][-][info][application] $_GET = []

$_POST = []

$_FILES = []

$_COOKIE = [
    'PHPSESSID' => '65v1bi2lbroh01jb89o7hmim9ks1hntu'
    '_csrf' => '02e0a5146db321f727185d0e03babefdfe933a46e6197e0717be0d138a8e0cc9a:2:{i:0;s:5:\"_csrf\";i:1;s:32:\"bk8epV2ne6tvx5uLa_6VsQLnpt6Tq2X2\";}'
]

$_SESSION = [
    '__flash' => []
]

$_SERVER = [
    'REDIRECT_STATUS' => '200'
    'HTTP_HOST' => 'yii-learning'
    'HTTP_CONNECTION' => 'keep-alive'
    'HTTP_UPGRADE_INSECURE_REQUESTS' => '1'
    'HTTP_USER_AGENT' => 'Mozilla/5.0 (Windows NT 10.0; Win64; x64) AppleWebKit/537.36 (KHTML, like Gecko) Chrome/100.0.4896.143 YaBrowser/22.5.0.1792 Yowser/2.5 Safari/537.36'
    'HTTP_ACCEPT' => 'text/html,application/xhtml+xml,application/xml;q=0.9,image/avif,image/webp,image/apng,*/*;q=0.8,application/signed-exchange;v=b3;q=0.9'
    'HTTP_ACCEPT_ENCODING' => 'gzip, deflate'
    'HTTP_ACCEPT_LANGUAGE' => 'ru,en;q=0.9'
    'HTTP_COOKIE' => 'PHPSESSID=65v1bi2lbroh01jb89o7hmim9ks1hntu; _csrf=02e0a5146db321f727185d0e03babefdfe933a46e6197e0717be0d138a8e0cc9a%3A2%3A%7Bi%3A0%3Bs%3A5%3A%22_csrf%22%3Bi%3A1%3Bs%3A32%3A%22bk8epV2ne6tvx5uLa_6VsQLnpt6Tq2X2%22%3B%7D'
    'PATH' => 'c:\\openserver\\modules\\php\\PHP_7.4\\ext;c:\\openserver\\modules\\php\\PHP_7.4\\pear;c:\\openserver\\modules\\php\\PHP_7.4\\pear\\bin;c:\\openserver\\modules\\php\\PHP_7.4;c:\\openserver\\modules\\wget\\bin;c:\\openserver\\modules\\database\\MySQL-5.7\\bin;c:\\openserver\\modules\\http\\Apache_2.4-PHP_7.2-7.4\\bin;c:\\openserver\\modules\\http\\Apache_2.4-PHP_7.2-7.4;C:\\Windows\\system32;C:\\Windows;C:\\Windows\\system32\\Wbem;C:\\Windows\\SysWOW64'
    'SystemRoot' => 'C:\\Windows'
    'COMSPEC' => 'C:\\Windows\\system32\\cmd.exe'
    'PATHEXT' => '.COM;.EXE;.BAT;.CMD;.VBS;.VBE;.JS;.JSE;.WSF;.WSH;.MSC'
    'WINDIR' => 'C:\\Windows'
    'SERVER_SIGNATURE' => ''
    'SERVER_SOFTWARE' => 'Apache'
    'SERVER_NAME' => 'yii-learning'
    'SERVER_ADDR' => '127.0.0.1'
    'SERVER_PORT' => '80'
    'REMOTE_ADDR' => '127.0.0.1'
    'DOCUMENT_ROOT' => 'C:/OpenServer/domains/yii-learning'
    'REQUEST_SCHEME' => 'http'
    'CONTEXT_PREFIX' => ''
    'CONTEXT_DOCUMENT_ROOT' => 'C:/OpenServer/domains/yii-learning'
    'SERVER_ADMIN' => '[no address given]'
    'SCRIPT_FILENAME' => 'C:/OpenServer/domains/yii-learning/web/index.php'
    'REMOTE_PORT' => '64622'
    'REDIRECT_URL' => '/'
    'GATEWAY_INTERFACE' => 'CGI/1.1'
    'SERVER_PROTOCOL' => 'HTTP/1.1'
    'REQUEST_METHOD' => 'GET'
    'QUERY_STRING' => ''
    'REQUEST_URI' => '/'
    'SCRIPT_NAME' => '/web/index.php'
    'PHP_SELF' => '/web/index.php'
    'REQUEST_TIME_FLOAT' => 1653390462.8355
    'REQUEST_TIME' => 1653390462
]
2022-05-24 14:12:55 [127.0.0.1][-][-][error][yii\web\HttpException:404] yii\base\InvalidRouteException: Unable to resolve the request "site/about". in C:\OpenServer\domains\yii-learning\vendor\yiisoft\yii2\base\Module.php:561
Stack trace:
#0 C:\OpenServer\domains\yii-learning\vendor\yiisoft\yii2\web\Application.php(103): yii\base\Module->runAction()
#1 C:\OpenServer\domains\yii-learning\vendor\yiisoft\yii2\base\Application.php(384): yii\web\Application->handleRequest()
#2 C:\OpenServer\domains\yii-learning\web\index.php(12): yii\base\Application->run()
#3 {main}

Next yii\web\NotFoundHttpException: Страница не найдена. in C:\OpenServer\domains\yii-learning\vendor\yiisoft\yii2\web\Application.php:115
Stack trace:
#0 C:\OpenServer\domains\yii-learning\vendor\yiisoft\yii2\base\Application.php(384): yii\web\Application->handleRequest()
#1 C:\OpenServer\domains\yii-learning\web\index.php(12): yii\base\Application->run()
#2 {main}
2022-05-24 14:12:55 [127.0.0.1][-][-][info][application] $_GET = []

$_POST = []

$_FILES = []

$_COOKIE = [
    'PHPSESSID' => '65v1bi2lbroh01jb89o7hmim9ks1hntu'
    '_csrf' => '02e0a5146db321f727185d0e03babefdfe933a46e6197e0717be0d138a8e0cc9a:2:{i:0;s:5:\"_csrf\";i:1;s:32:\"bk8epV2ne6tvx5uLa_6VsQLnpt6Tq2X2\";}'
]

$_SESSION = [
    '__flash' => []
]

$_SERVER = [
    'REDIRECT_REDIRECT_STATUS' => '200'
    'REDIRECT_STATUS' => '200'
    'HTTP_HOST' => 'yii-learning'
    'HTTP_CONNECTION' => 'keep-alive'
    'HTTP_CACHE_CONTROL' => 'max-age=0'
    'HTTP_UPGRADE_INSECURE_REQUESTS' => '1'
    'HTTP_USER_AGENT' => 'Mozilla/5.0 (Windows NT 10.0; Win64; x64) AppleWebKit/537.36 (KHTML, like Gecko) Chrome/100.0.4896.143 YaBrowser/22.5.0.1792 Yowser/2.5 Safari/537.36'
    'HTTP_ACCEPT' => 'text/html,application/xhtml+xml,application/xml;q=0.9,image/avif,image/webp,image/apng,*/*;q=0.8,application/signed-exchange;v=b3;q=0.9'
    'HTTP_REFERER' => 'http://yii-learning/about'
    'HTTP_ACCEPT_ENCODING' => 'gzip, deflate'
    'HTTP_ACCEPT_LANGUAGE' => 'ru,en;q=0.9'
    'HTTP_COOKIE' => 'PHPSESSID=65v1bi2lbroh01jb89o7hmim9ks1hntu; _csrf=02e0a5146db321f727185d0e03babefdfe933a46e6197e0717be0d138a8e0cc9a%3A2%3A%7Bi%3A0%3Bs%3A5%3A%22_csrf%22%3Bi%3A1%3Bs%3A32%3A%22bk8epV2ne6tvx5uLa_6VsQLnpt6Tq2X2%22%3B%7D'
    'PATH' => 'c:\\openserver\\modules\\php\\PHP_7.4\\ext;c:\\openserver\\modules\\php\\PHP_7.4\\pear;c:\\openserver\\modules\\php\\PHP_7.4\\pear\\bin;c:\\openserver\\modules\\php\\PHP_7.4;c:\\openserver\\modules\\wget\\bin;c:\\openserver\\modules\\database\\MySQL-5.7\\bin;c:\\openserver\\modules\\http\\Apache_2.4-PHP_7.2-7.4\\bin;c:\\openserver\\modules\\http\\Apache_2.4-PHP_7.2-7.4;C:\\Windows\\system32;C:\\Windows;C:\\Windows\\system32\\Wbem;C:\\Windows\\SysWOW64'
    'SystemRoot' => 'C:\\Windows'
    'COMSPEC' => 'C:\\Windows\\system32\\cmd.exe'
    'PATHEXT' => '.COM;.EXE;.BAT;.CMD;.VBS;.VBE;.JS;.JSE;.WSF;.WSH;.MSC'
    'WINDIR' => 'C:\\Windows'
    'SERVER_SIGNATURE' => ''
    'SERVER_SOFTWARE' => 'Apache'
    'SERVER_NAME' => 'yii-learning'
    'SERVER_ADDR' => '127.0.0.1'
    'SERVER_PORT' => '80'
    'REMOTE_ADDR' => '127.0.0.1'
    'DOCUMENT_ROOT' => 'C:/OpenServer/domains/yii-learning'
    'REQUEST_SCHEME' => 'http'
    'CONTEXT_PREFIX' => ''
    'CONTEXT_DOCUMENT_ROOT' => 'C:/OpenServer/domains/yii-learning'
    'SERVER_ADMIN' => '[no address given]'
    'SCRIPT_FILENAME' => 'C:/OpenServer/domains/yii-learning/web/index.php'
    'REMOTE_PORT' => '64669'
    'REDIRECT_URL' => '/index.php'
    'GATEWAY_INTERFACE' => 'CGI/1.1'
    'SERVER_PROTOCOL' => 'HTTP/1.1'
    'REQUEST_METHOD' => 'GET'
    'QUERY_STRING' => ''
    'REQUEST_URI' => '/web/about'
    'SCRIPT_NAME' => '/web/index.php'
    'PHP_SELF' => '/web/index.php'
    'REQUEST_TIME_FLOAT' => 1653390775.3439
    'REQUEST_TIME' => 1653390775
]
